[2023-05-18T06:23:15.771446+00:00] mdtt.EMERGENCY: Source and destination does not match. {"Definition":"validate_public_apis","Error":"Source: `accusamus beatae ad facilis cum similique qui sunt`\nDestination: `Charak Dhawan Ret.`\nFailed asserting that two strings are identical."} []
[2023-05-18T06:23:15.774624+00:00] mdtt.EMERGENCY: Source and destination does not match. {"Definition":"validate_public_apis","Error":"Source: `https://via.placeholder.com/600/92c952`\nDestination: `1700835`\nFailed asserting that 1700835 is identical to 'https://via.placeholder.com/600/92c952'."} []
[2023-05-18T06:23:15.774794+00:00] mdtt.EMERGENCY: Source and destination does not match. {"Definition":"validate_public_apis","Error":"Source: `reprehenderit est deserunt velit ipsam`\nDestination: `Shubha Bandopadhyay`\nFailed asserting that two strings are identical."} []
[2023-05-18T06:23:15.774870+00:00] mdtt.EMERGENCY: Source and destination does not match. {"Definition":"validate_public_apis","Error":"Source: `https://via.placeholder.com/600/771796`\nDestination: `1700834`\nFailed asserting that 1700834 is identical to 'https://via.placeholder.com/600/771796'."} []
[2023-05-18T06:23:15.774981+00:00] mdtt.EMERGENCY: Source and destination does not match. {"Definition":"validate_public_apis","Error":"Source: `officia porro iure quia iusto qui ipsa ut modi`\nDestination: `Bhaves Embranthiri`\nFailed asserting that two strings are identical."} []
[2023-05-18T06:23:15.775043+00:00] mdtt.EMERGENCY: Source and destination does not match. {"Definition":"validate_public_apis","Error":"Source: `https://via.placeholder.com/600/24f355`\nDestination: `1700833`\nFailed asserting that 1700833 is identical to 'https://via.placeholder.com/600/24f355'."} []
[2023-05-18T06:23:15.775148+00:00] mdtt.EMERGENCY: Source and destination does not match. {"Definition":"validate_public_apis","Error":"Source: `culpa odio esse rerum omnis laboriosam voluptate repudiandae`\nDestination: `Aslesha Guneta`\nFailed asserting that two strings are identical."} []
[2023-05-18T06:23:15.775212+00:00] mdtt.EMERGENCY: Source and destination does not match. {"Definition":"validate_public_apis","Error":"Source: `https://via.placeholder.com/600/d32776`\nDestination: `1700832`\nFailed asserting that 1700832 is identical to 'https://via.placeholder.com/600/d32776'."} []
[2023-05-18T06:23:15.775318+00:00] mdtt.EMERGENCY: Source and destination does not match. {"Definition":"validate_public_apis","Error":"Source: `natus nisi omnis corporis facere molestiae rerum in`\nDestination: `Dhanadeepa Ahuja`\nFailed asserting that two strings are identical."} []
[2023-05-18T06:23:15.775383+00:00] mdtt.EMERGENCY: Source and destination does not match. {"Definition":"validate_public_apis","Error":"Source: `https://via.placeholder.com/600/f66b97`\nDestination: `1700831`\nFailed asserting that 1700831 is identical to 'https://via.placeholder.com/600/f66b97'."} []
[2023-05-18T06:23:15.775491+00:00] mdtt.EMERGENCY: Source and destination does not match. {"Definition":"validate_public_apis","Error":"Source: `accusamus ea aliquid et amet sequi nemo`\nDestination: `Charuchandra Saini`\nFailed asserting that two strings are identical."} []
[2023-05-18T06:23:15.775556+00:00] mdtt.EMERGENCY: Source and destination does not match. {"Definition":"validate_public_apis","Error":"Source: `https://via.placeholder.com/600/56a8c2`\nDestination: `1700830`\nFailed asserting that 1700830 is identical to 'https://via.placeholder.com/600/56a8c2'."} []
[2023-05-18T06:23:15.775667+00:00] mdtt.EMERGENCY: Source and destination does not match. {"Definition":"validate_public_apis","Error":"Source: `officia delectus consequatur vero aut veniam explicabo molestias`\nDestination: `Nirbhay Mukhopadhyay`\nFailed asserting that two strings are identical."} []
[2023-05-18T06:23:15.775737+00:00] mdtt.EMERGENCY: Source and destination does not match. {"Definition":"validate_public_apis","Error":"Source: `https://via.placeholder.com/600/b0f7cc`\nDestination: `1700829`\nFailed asserting that 1700829 is identical to 'https://via.placeholder.com/600/b0f7cc'."} []
[2023-05-18T06:23:15.775860+00:00] mdtt.EMERGENCY: Source and destination does not match. {"Definition":"validate_public_apis","Error":"Source: `aut porro officiis laborum odit ea laudantium corporis`\nDestination: `Adwitiya Patel`\nFailed asserting that two strings are identical."} []
[2023-05-18T06:23:15.775929+00:00] mdtt.EMERGENCY: Source and destination does not match. {"Definition":"validate_public_apis","Error":"Source: `https://via.placeholder.com/600/54176f`\nDestination: `1700828`\nFailed asserting that 1700828 is identical to 'https://via.placeholder.com/600/54176f'."} []
[2023-05-18T06:23:15.776037+00:00] mdtt.EMERGENCY: Source and destination does not match. {"Definition":"validate_public_apis","Error":"Source: `qui eius qui autem sed`\nDestination: `Bhagwati Iyer`\nFailed asserting that two strings are identical."} []
[2023-05-18T06:23:15.776105+00:00] mdtt.EMERGENCY: Source and destination does not match. {"Definition":"validate_public_apis","Error":"Source: `https://via.placeholder.com/600/51aa97`\nDestination: `1700827`\nFailed asserting that 1700827 is identical to 'https://via.placeholder.com/600/51aa97'."} []
[2023-05-18T06:23:15.776213+00:00] mdtt.EMERGENCY: Source and destination does not match. {"Definition":"validate_public_apis","Error":"Source: `beatae et provident et ut vel`\nDestination: `Uma Jain`\nFailed asserting that two strings are identical."} []
[2023-05-18T06:23:15.776326+00:00] mdtt.EMERGENCY: Source and destination does not match. {"Definition":"validate_public_apis","Error":"Source: `https://via.placeholder.com/600/810b14`\nDestination: `1700825`\nFailed asserting that 1700825 is identical to 'https://via.placeholder.com/600/810b14'."} []
